<?xml version="1.0" encoding="UTF-8"?>
<testng-results ignored="0" total="1" passed="1" failed="0" skipped="0">
  <reporter-output>
  </reporter-output>
  <suite started-at="2022-03-01T10:49:29 MST" name="Default suite" finished-at="2022-03-01T10:49:38 MST" duration-ms="8560">
    <groups>
    </groups>
    <test started-at="2022-03-01T10:49:29 MST" name="Default test" finished-at="2022-03-01T10:49:38 MST" duration-ms="8560">
      <class name="testCases.DSA_StackPageTest">
        <test-method signature="DSA_stackpageOperational()[pri:0, instance:testCases.DSA_StackPageTest@402bba4f]" started-at="2022-03-01T10:49:29 MST" name="DSA_stackpageOperational" finished-at="2022-03-01T10:49:38 MST" duration-ms="8528" status="PASS">
          <reporter-output>
          </reporter-output>
        </test-method> <!-- DSA_stackpageOperational -->
      </class> <!-- testCases.DSA_StackPageTest -->
    </test> <!-- Default test -->
  </suite> <!-- Default suite -->
</testng-results>
